\BOOKMARK [1][-]{section.1}{Chapter 1 - Introduction to Comparative Government}{}% 1
\BOOKMARK [2][-]{subsection.1.1}{Comparative Method}{section.1}% 2
\BOOKMARK [2][-]{subsection.1.2}{Sovereignty, Authority, and Power}{section.1}% 3
\BOOKMARK [3][-]{subsubsection.1.2.1}{Nation-States}{subsection.1.2}% 4
\BOOKMARK [3][-]{subsubsection.1.2.2}{Governmental Regimes}{subsection.1.2}% 5
\BOOKMARK [3][-]{subsubsection.1.2.3}{Legitimacy}{subsection.1.2}% 6
\BOOKMARK [3][-]{subsubsection.1.2.4}{Political Culture and Ideologies}{subsection.1.2}% 7
\BOOKMARK [2][-]{subsection.1.3}{Political and Economic Change}{section.1}% 8
\BOOKMARK [2][-]{subsection.1.4}{Citizens, Society, and the State}{section.1}% 9
\BOOKMARK [2][-]{subsection.1.5}{Political Institutions}{section.1}% 10
\BOOKMARK [3][-]{subsubsection.1.5.1}{National Forces}{subsection.1.5}% 11
\BOOKMARK [3][-]{subsubsection.1.5.2}{Government Branches}{subsection.1.5}% 12
\BOOKMARK [3][-]{subsubsection.1.5.3}{Linkage Institutions}{subsection.1.5}% 13
\BOOKMARK [2][-]{subsection.1.6}{Public Policy}{section.1}% 14
\BOOKMARK [1][-]{section.2}{Chapter 2 - United Kingdom}{}% 15
\BOOKMARK [2][-]{subsection.2.1}{Advanced Democracies}{section.2}% 16
\BOOKMARK [2][-]{subsection.2.2}{Soverignty, Authority, and Power}{section.2}% 17
\BOOKMARK [2][-]{subsection.2.3}{Political and Economic Change}{section.2}% 18
\BOOKMARK [2][-]{subsection.2.4}{Citizens, Society, and the State}{section.2}% 19
\BOOKMARK [2][-]{subsection.2.5}{Political Institutions}{section.2}% 20
\BOOKMARK [3][-]{subsubsection.2.5.1}{Linkage Institutions}{subsection.2.5}% 21
\BOOKMARK [3][-]{subsubsection.2.5.2}{Government Branches}{subsection.2.5}% 22
\BOOKMARK [2][-]{subsection.2.6}{Public Policy}{section.2}% 23
\BOOKMARK [1][-]{section.3}{Chapter 3 - The European Union}{}% 24
\BOOKMARK [2][-]{subsection.3.1}{Supranationalism}{section.3}% 25
\BOOKMARK [2][-]{subsection.3.2}{Creation and Organization}{section.3}% 26
\BOOKMARK [2][-]{subsection.3.3}{Policy}{section.3}% 27
\BOOKMARK [1][-]{section.4}{Chapter 4 - Russia}{}% 28
\BOOKMARK [2][-]{subsection.4.1}{Communist and Post-Communist States}{section.4}% 29
\BOOKMARK [2][-]{subsection.4.2}{Sovereignty, Authority, and Power}{section.4}% 30
\BOOKMARK [2][-]{subsection.4.3}{Political and Economic Change}{section.4}% 31
\BOOKMARK [2][-]{subsection.4.4}{Citizens, Society, and the State}{section.4}% 32
\BOOKMARK [3][-]{subsubsection.4.4.1}{Cleavages}{subsection.4.4}% 33
\BOOKMARK [3][-]{subsubsection.4.4.2}{Political Participation}{subsection.4.4}% 34
\BOOKMARK [2][-]{subsection.4.5}{Public Policy}{section.4}% 35
\BOOKMARK [1][-]{section.5}{Articles}{}% 36
